<?xml version="1.0" encoding="UTF-8"?>
<!-- Generated by org.testng.reporters.JUnitXMLReporter -->
<testsuite hostname="LAPTOP-MB80RPKK" ignored="2" name="Test" tests="2" failures="0" timestamp="2021-08-21T11:08:18 IST" time="0.059" errors="0">
  <testcase name="m1" time="0.009" classname="sanity.LoginPage"/>
  <testcase name="m4" time="0.0" classname="sanity.LoginPage"/>
  <testcase name="m2" time="0.0" classname="sanity.LoginPage">
    <ignored/>
  </testcase> <!-- m2 -->
  <testcase name="m3" time="0.0" classname="sanity.LoginPage">
    <ignored/>
  </testcase> <!-- m3 -->
</testsuite> <!-- Test -->
